{"/Users/charlesjewell/development/wdi-group-project/index.js":{"path":"/Users/charlesjewell/development/wdi-group-project/index.js","s":{"1":1,"2":1,"3":1,"4":1,"5":1,"6":1,"7":1,"8":1,"9":1,"10":1,"11":1,"12":1,"13":1,"14":1,"15":1,"16":1,"17":1,"18":1,"19":1,"20":1,"21":1,"22":0,"23":0,"24":0,"25":1,"26":1,"27":1,"28":1,"29":1,"30":1},"b":{"1":[1,1],"2":[1,0],"3":[0,0]},"f":{"1":0},"fnMap":{"1":{"name":"jwtErrorHandler","line":34,"loc":{"start":{"line":34,"column":0},"end":{"line":34,"column":45}}}},"statementMap":{"1":{"start":{"line":1,"column":0},"end":{"line":1,"column":40}},"2":{"start":{"line":2,"column":0},"end":{"line":2,"column":41}},"3":{"start":{"line":3,"column":0},"end":{"line":3,"column":41}},"4":{"start":{"line":4,"column":0},"end":{"line":4,"column":44}},"5":{"start":{"line":5,"column":0},"end":{"line":5,"column":39}},"6":{"start":{"line":6,"column":0},"end":{"line":6,"column":44}},"7":{"start":{"line":7,"column":0},"end":{"line":7,"column":37}},"8":{"start":{"line":8,"column":0},"end":{"line":8,"column":46}},"9":{"start":{"line":9,"column":0},"end":{"line":9,"column":31}},"10":{"start":{"line":10,"column":0},"end":{"line":10,"column":43}},"11":{"start":{"line":11,"column":0},"end":{"line":11,"column":45}},"12":{"start":{"line":12,"column":0},"end":{"line":12,"column":48}},"13":{"start":{"line":16,"column":0},"end":{"line":16,"column":47}},"14":{"start":{"line":18,"column":0},"end":{"line":18,"column":30}},"15":{"start":{"line":20,"column":0},"end":{"line":20,"column":53}},"16":{"start":{"line":20,"column":37},"end":{"line":20,"column":53}},"17":{"start":{"line":21,"column":0},"end":{"line":21,"column":23}},"18":{"start":{"line":22,"column":0},"end":{"line":22,"column":27}},"19":{"start":{"line":23,"column":0},"end":{"line":23,"column":51}},"20":{"start":{"line":32,"column":0},"end":{"line":32,"column":25}},"21":{"start":{"line":34,"column":0},"end":{"line":37,"column":1}},"22":{"start":{"line":35,"column":2},"end":{"line":35,"column":54}},"23":{"start":{"line":35,"column":40},"end":{"line":35,"column":54}},"24":{"start":{"line":36,"column":2},"end":{"line":36,"column":68}},"25":{"start":{"line":39,"column":0},"end":{"line":39,"column":24}},"26":{"start":{"line":40,"column":0},"end":{"line":40,"column":64}},"27":{"start":{"line":40,"column":28},"end":{"line":40,"column":62}},"28":{"start":{"line":43,"column":0},"end":{"line":43,"column":76}},"29":{"start":{"line":43,"column":23},"end":{"line":43,"column":74}},"30":{"start":{"line":45,"column":0},"end":{"line":45,"column":21}}},"branchMap":{"1":{"line":8,"type":"binary-expr","locations":[{"start":{"line":8,"column":21},"end":{"line":8,"column":37}},{"start":{"line":8,"column":41},"end":{"line":8,"column":45}}]},"2":{"line":20,"type":"if","locations":[{"start":{"line":20,"column":0},"end":{"line":20,"column":0}},{"start":{"line":20,"column":0},"end":{"line":20,"column":0}}]},"3":{"line":35,"type":"if","locations":[{"start":{"line":35,"column":2},"end":{"line":35,"column":2}},{"start":{"line":35,"column":2},"end":{"line":35,"column":2}}]}}},"/Users/charlesjewell/development/wdi-group-project/config/env.js":{"path":"/Users/charlesjewell/development/wdi-group-project/config/env.js","s":{"1":1},"b":{"1":[1,1]},"f":{},"fnMap":{},"statementMap":{"1":{"start":{"line":1,"column":0},"end":{"line":9,"column":2}}},"branchMap":{"1":{"line":8,"type":"binary-expr","locations":[{"start":{"line":8,"column":10},"end":{"line":8,"column":28}},{"start":{"line":8,"column":32},"end":{"line":8,"column":86}}]}}},"/Users/charlesjewell/development/wdi-group-project/config/routes.js":{"path":"/Users/charlesjewell/development/wdi-group-project/config/routes.js","s":{"1":1,"2":1,"3":1,"4":1,"5":1,"6":1,"7":1,"8":1,"9":1,"10":1,"11":1,"12":1},"b":{},"f":{},"fnMap":{},"statementMap":{"1":{"start":{"line":1,"column":0},"end":{"line":1,"column":36}},"2":{"start":{"line":2,"column":0},"end":{"line":2,"column":34}},"3":{"start":{"line":4,"column":0},"end":{"line":4,"column":66}},"4":{"start":{"line":5,"column":0},"end":{"line":5,"column":56}},"5":{"start":{"line":6,"column":0},"end":{"line":6,"column":55}},"6":{"start":{"line":9,"column":0},"end":{"line":10,"column":32}},"7":{"start":{"line":11,"column":0},"end":{"line":12,"column":29}},"8":{"start":{"line":14,"column":0},"end":{"line":15,"column":18}},"9":{"start":{"line":16,"column":0},"end":{"line":19,"column":22}},"10":{"start":{"line":21,"column":0},"end":{"line":22,"column":17}},"11":{"start":{"line":23,"column":0},"end":{"line":26,"column":21}},"12":{"start":{"line":28,"column":0},"end":{"line":28,"column":24}}},"branchMap":{}},"/Users/charlesjewell/development/wdi-group-project/controllers/authentications.js":{"path":"/Users/charlesjewell/development/wdi-group-project/controllers/authentications.js","s":{"1":1,"2":1,"3":1,"4":1,"5":13,"6":13,"7":5,"8":8,"9":8,"10":1,"11":10,"12":10,"13":0,"14":10,"15":2,"16":8,"17":8,"18":1},"b":{"1":[5,8],"2":[0,10],"3":[2,8],"4":[10,9]},"f":{"1":13,"2":10},"fnMap":{"1":{"name":"authenticationsRegister","line":5,"loc":{"start":{"line":5,"column":0},"end":{"line":5,"column":43}}},"2":{"name":"authenticationsLogin","line":20,"loc":{"start":{"line":20,"column":0},"end":{"line":20,"column":40}}}},"statementMap":{"1":{"start":{"line":1,"column":0},"end":{"line":1,"column":41}},"2":{"start":{"line":2,"column":0},"end":{"line":2,"column":39}},"3":{"start":{"line":3,"column":0},"end":{"line":3,"column":40}},"4":{"start":{"line":5,"column":0},"end":{"line":18,"column":1}},"5":{"start":{"line":6,"column":2},"end":{"line":17,"column":7}},"6":{"start":{"line":8,"column":6},"end":{"line":8,"column":60}},"7":{"start":{"line":8,"column":15},"end":{"line":8,"column":60}},"8":{"start":{"line":10,"column":6},"end":{"line":10,"column":76}},"9":{"start":{"line":12,"column":6},"end":{"line":16,"column":9}},"10":{"start":{"line":20,"column":0},"end":{"line":36,"column":1}},"11":{"start":{"line":21,"column":2},"end":{"line":35,"column":7}},"12":{"start":{"line":23,"column":6},"end":{"line":23,"column":81}},"13":{"start":{"line":23,"column":15},"end":{"line":23,"column":81}},"14":{"start":{"line":24,"column":6},"end":{"line":26,"column":7}},"15":{"start":{"line":25,"column":8},"end":{"line":25,"column":66}},"16":{"start":{"line":28,"column":6},"end":{"line":28,"column":76}},"17":{"start":{"line":30,"column":6},"end":{"line":34,"column":9}},"18":{"start":{"line":38,"column":0},"end":{"line":41,"column":2}}},"branchMap":{"1":{"line":8,"type":"if","locations":[{"start":{"line":8,"column":6},"end":{"line":8,"column":6}},{"start":{"line":8,"column":6},"end":{"line":8,"column":6}}]},"2":{"line":23,"type":"if","locations":[{"start":{"line":23,"column":6},"end":{"line":23,"column":6}},{"start":{"line":23,"column":6},"end":{"line":23,"column":6}}]},"3":{"line":24,"type":"if","locations":[{"start":{"line":24,"column":6},"end":{"line":24,"column":6}},{"start":{"line":24,"column":6},"end":{"line":24,"column":6}}]},"4":{"line":24,"type":"binary-expr","locations":[{"start":{"line":24,"column":10},"end":{"line":24,"column":15}},{"start":{"line":24,"column":19},"end":{"line":24,"column":60}}]}}},"/Users/charlesjewell/development/wdi-group-project/models/user.js":{"path":"/Users/charlesjewell/development/wdi-group-project/models/user.js","s":{"1":1,"2":1,"3":1,"4":1,"5":1,"6":1,"7":1,"8":1,"9":1,"10":1,"11":1,"12":16,"13":16,"14":16,"15":1,"16":1,"17":36,"18":36,"19":1,"20":36,"21":1,"22":36,"23":36,"24":0,"25":36,"26":1,"27":36,"28":2,"29":1,"30":36,"31":0,"32":1,"33":9},"b":{"1":[36,0],"2":[0,36],"3":[1,35],"4":[2,34],"5":[0,36]},"f":{"1":16,"2":36,"3":36,"4":36,"5":36,"6":9},"fnMap":{"1":{"name":"(anonymous_1)","line":41,"loc":{"start":{"line":41,"column":13},"end":{"line":41,"column":32}}},"2":{"name":"setPassword","line":51,"loc":{"start":{"line":51,"column":0},"end":{"line":51,"column":28}}},"3":{"name":"setPasswordConfirmation","line":56,"loc":{"start":{"line":56,"column":0},"end":{"line":56,"column":55}}},"4":{"name":"validatePasswordHash","line":60,"loc":{"start":{"line":60,"column":0},"end":{"line":60,"column":32}}},"5":{"name":"validateEmail","line":76,"loc":{"start":{"line":76,"column":0},"end":{"line":76,"column":30}}},"6":{"name":"validatePassword","line":82,"loc":{"start":{"line":82,"column":0},"end":{"line":82,"column":36}}}},"statementMap":{"1":{"start":{"line":1,"column":0},"end":{"line":1,"column":38}},"2":{"start":{"line":2,"column":0},"end":{"line":2,"column":36}},"3":{"start":{"line":3,"column":0},"end":{"line":3,"column":39}},"4":{"start":{"line":5,"column":0},"end":{"line":12,"column":3}},"5":{"start":{"line":15,"column":0},"end":{"line":20,"column":3}},"6":{"start":{"line":22,"column":0},"end":{"line":24,"column":20}},"7":{"start":{"line":26,"column":0},"end":{"line":28,"column":32}},"8":{"start":{"line":30,"column":0},"end":{"line":32,"column":34}},"9":{"start":{"line":34,"column":0},"end":{"line":36,"column":27}},"10":{"start":{"line":38,"column":0},"end":{"line":38,"column":55}},"11":{"start":{"line":40,"column":0},"end":{"line":47,"column":3}},"12":{"start":{"line":42,"column":4},"end":{"line":42,"column":28}},"13":{"start":{"line":44,"column":4},"end":{"line":44,"column":19}},"14":{"start":{"line":45,"column":4},"end":{"line":45,"column":15}},"15":{"start":{"line":49,"column":0},"end":{"line":49,"column":52}},"16":{"start":{"line":51,"column":0},"end":{"line":54,"column":1}},"17":{"start":{"line":52,"column":2},"end":{"line":52,"column":28}},"18":{"start":{"line":53,"column":2},"end":{"line":53,"column":68}},"19":{"start":{"line":56,"column":0},"end":{"line":58,"column":1}},"20":{"start":{"line":57,"column":2},"end":{"line":57,"column":52}},"21":{"start":{"line":60,"column":0},"end":{"line":74,"column":1}},"22":{"start":{"line":61,"column":2},"end":{"line":73,"column":3}},"23":{"start":{"line":62,"column":4},"end":{"line":64,"column":5}},"24":{"start":{"line":63,"column":6},"end":{"line":63,"column":68}},"25":{"start":{"line":66,"column":4},"end":{"line":68,"column":5}},"26":{"start":{"line":67,"column":6},"end":{"line":67,"column":68}},"27":{"start":{"line":70,"column":4},"end":{"line":72,"column":5}},"28":{"start":{"line":71,"column":6},"end":{"line":71,"column":80}},"29":{"start":{"line":76,"column":0},"end":{"line":80,"column":1}},"30":{"start":{"line":77,"column":2},"end":{"line":79,"column":3}},"31":{"start":{"line":78,"column":4},"end":{"line":78,"column":69}},"32":{"start":{"line":82,"column":0},"end":{"line":84,"column":1}},"33":{"start":{"line":83,"column":2},"end":{"line":83,"column":57}}},"branchMap":{"1":{"line":61,"type":"if","locations":[{"start":{"line":61,"column":2},"end":{"line":61,"column":2}},{"start":{"line":61,"column":2},"end":{"line":61,"column":2}}]},"2":{"line":62,"type":"if","locations":[{"start":{"line":62,"column":4},"end":{"line":62,"column":4}},{"start":{"line":62,"column":4},"end":{"line":62,"column":4}}]},"3":{"line":66,"type":"if","locations":[{"start":{"line":66,"column":4},"end":{"line":66,"column":4}},{"start":{"line":66,"column":4},"end":{"line":66,"column":4}}]},"4":{"line":70,"type":"if","locations":[{"start":{"line":70,"column":4},"end":{"line":70,"column":4}},{"start":{"line":70,"column":4},"end":{"line":70,"column":4}}]},"5":{"line":77,"type":"if","locations":[{"start":{"line":77,"column":2},"end":{"line":77,"column":2}},{"start":{"line":77,"column":2},"end":{"line":77,"column":2}}]}}},"/Users/charlesjewell/development/wdi-group-project/controllers/users.js":{"path":"/Users/charlesjewell/development/wdi-group-project/controllers/users.js","s":{"1":1,"2":1,"3":0,"4":0,"5":0,"6":0,"7":1,"8":0,"9":0,"10":0,"11":0,"12":0,"13":0,"14":1,"15":0,"16":0,"17":0,"18":0,"19":0,"20":0,"21":1,"22":0,"23":0,"24":0,"25":0,"26":0,"27":0,"28":1},"b":{"1":[0,0],"2":[0,0],"3":[0,0],"4":[0,0],"5":[0,0],"6":[0,0],"7":[0,0]},"f":{"1":0,"2":0,"3":0,"4":0},"fnMap":{"1":{"name":"usersIndex","line":3,"loc":{"start":{"line":3,"column":0},"end":{"line":3,"column":30}}},"2":{"name":"usersShow","line":11,"loc":{"start":{"line":11,"column":0},"end":{"line":11,"column":29}}},"3":{"name":"usersUpdate","line":20,"loc":{"start":{"line":20,"column":0},"end":{"line":20,"column":31}}},"4":{"name":"usersDelete","line":29,"loc":{"start":{"line":29,"column":0},"end":{"line":29,"column":31}}}},"statementMap":{"1":{"start":{"line":1,"column":0},"end":{"line":1,"column":39}},"2":{"start":{"line":3,"column":0},"end":{"line":9,"column":1}},"3":{"start":{"line":4,"column":2},"end":{"line":8,"column":7}},"4":{"start":{"line":6,"column":6},"end":{"line":6,"column":81}},"5":{"start":{"line":6,"column":15},"end":{"line":6,"column":81}},"6":{"start":{"line":7,"column":6},"end":{"line":7,"column":45}},"7":{"start":{"line":11,"column":0},"end":{"line":18,"column":1}},"8":{"start":{"line":12,"column":2},"end":{"line":17,"column":7}},"9":{"start":{"line":14,"column":6},"end":{"line":14,"column":81}},"10":{"start":{"line":14,"column":15},"end":{"line":14,"column":81}},"11":{"start":{"line":15,"column":6},"end":{"line":15,"column":77}},"12":{"start":{"line":15,"column":17},"end":{"line":15,"column":77}},"13":{"start":{"line":16,"column":6},"end":{"line":16,"column":44}},"14":{"start":{"line":20,"column":0},"end":{"line":27,"column":1}},"15":{"start":{"line":21,"column":2},"end":{"line":26,"column":7}},"16":{"start":{"line":23,"column":6},"end":{"line":23,"column":81}},"17":{"start":{"line":23,"column":15},"end":{"line":23,"column":81}},"18":{"start":{"line":24,"column":6},"end":{"line":24,"column":77}},"19":{"start":{"line":24,"column":17},"end":{"line":24,"column":77}},"20":{"start":{"line":25,"column":6},"end":{"line":25,"column":44}},"21":{"start":{"line":29,"column":0},"end":{"line":36,"column":1}},"22":{"start":{"line":30,"column":2},"end":{"line":35,"column":7}},"23":{"start":{"line":32,"column":6},"end":{"line":32,"column":81}},"24":{"start":{"line":32,"column":15},"end":{"line":32,"column":81}},"25":{"start":{"line":33,"column":6},"end":{"line":33,"column":77}},"26":{"start":{"line":33,"column":17},"end":{"line":33,"column":77}},"27":{"start":{"line":34,"column":6},"end":{"line":34,"column":36}},"28":{"start":{"line":38,"column":0},"end":{"line":43,"column":2}}},"branchMap":{"1":{"line":6,"type":"if","locations":[{"start":{"line":6,"column":6},"end":{"line":6,"column":6}},{"start":{"line":6,"column":6},"end":{"line":6,"column":6}}]},"2":{"line":14,"type":"if","locations":[{"start":{"line":14,"column":6},"end":{"line":14,"column":6}},{"start":{"line":14,"column":6},"end":{"line":14,"column":6}}]},"3":{"line":15,"type":"if","locations":[{"start":{"line":15,"column":6},"end":{"line":15,"column":6}},{"start":{"line":15,"column":6},"end":{"line":15,"column":6}}]},"4":{"line":23,"type":"if","locations":[{"start":{"line":23,"column":6},"end":{"line":23,"column":6}},{"start":{"line":23,"column":6},"end":{"line":23,"column":6}}]},"5":{"line":24,"type":"if","locations":[{"start":{"line":24,"column":6},"end":{"line":24,"column":6}},{"start":{"line":24,"column":6},"end":{"line":24,"column":6}}]},"6":{"line":32,"type":"if","locations":[{"start":{"line":32,"column":6},"end":{"line":32,"column":6}},{"start":{"line":32,"column":6},"end":{"line":32,"column":6}}]},"7":{"line":33,"type":"if","locations":[{"start":{"line":33,"column":6},"end":{"line":33,"column":6}},{"start":{"line":33,"column":6},"end":{"line":33,"column":6}}]}}},"/Users/charlesjewell/development/wdi-group-project/controllers/dogs.js":{"path":"/Users/charlesjewell/development/wdi-group-project/controllers/dogs.js","s":{"1":1,"2":1,"3":0,"4":0,"5":1,"6":0,"7":0,"8":1,"9":0,"10":0,"11":0,"12":0,"13":1,"14":0,"15":0,"16":0,"17":0,"18":0,"19":0,"20":0,"21":1,"22":0,"23":0,"24":0,"25":0,"26":0,"27":1},"b":{"1":[0,0],"2":[0,0],"3":[0,0]},"f":{"1":0,"2":0,"3":0,"4":0,"5":0},"fnMap":{"1":{"name":"indexRoute","line":3,"loc":{"start":{"line":3,"column":0},"end":{"line":3,"column":36}}},"2":{"name":"createRoute","line":10,"loc":{"start":{"line":10,"column":0},"end":{"line":10,"column":37}}},"3":{"name":"showRoute","line":17,"loc":{"start":{"line":17,"column":0},"end":{"line":17,"column":35}}},"4":{"name":"updateRoute","line":27,"loc":{"start":{"line":27,"column":0},"end":{"line":27,"column":37}}},"5":{"name":"deleteRoute","line":43,"loc":{"start":{"line":43,"column":0},"end":{"line":43,"column":37}}}},"statementMap":{"1":{"start":{"line":1,"column":0},"end":{"line":1,"column":38}},"2":{"start":{"line":3,"column":0},"end":{"line":8,"column":1}},"3":{"start":{"line":4,"column":2},"end":{"line":7,"column":17}},"4":{"start":{"line":6,"column":20},"end":{"line":6,"column":34}},"5":{"start":{"line":10,"column":0},"end":{"line":15,"column":1}},"6":{"start":{"line":11,"column":2},"end":{"line":14,"column":17}},"7":{"start":{"line":13,"column":19},"end":{"line":13,"column":44}},"8":{"start":{"line":17,"column":0},"end":{"line":25,"column":1}},"9":{"start":{"line":18,"column":2},"end":{"line":24,"column":17}},"10":{"start":{"line":21,"column":6},"end":{"line":21,"column":37}},"11":{"start":{"line":21,"column":15},"end":{"line":21,"column":37}},"12":{"start":{"line":22,"column":6},"end":{"line":22,"column":20}},"13":{"start":{"line":27,"column":0},"end":{"line":41,"column":1}},"14":{"start":{"line":28,"column":2},"end":{"line":40,"column":17}},"15":{"start":{"line":31,"column":6},"end":{"line":31,"column":37}},"16":{"start":{"line":31,"column":15},"end":{"line":31,"column":37}},"17":{"start":{"line":33,"column":6},"end":{"line":35,"column":7}},"18":{"start":{"line":34,"column":8},"end":{"line":34,"column":37}},"19":{"start":{"line":37,"column":6},"end":{"line":37,"column":24}},"20":{"start":{"line":39,"column":19},"end":{"line":39,"column":32}},"21":{"start":{"line":43,"column":0},"end":{"line":52,"column":1}},"22":{"start":{"line":44,"column":2},"end":{"line":51,"column":17}},"23":{"start":{"line":47,"column":6},"end":{"line":47,"column":37}},"24":{"start":{"line":47,"column":15},"end":{"line":47,"column":37}},"25":{"start":{"line":48,"column":6},"end":{"line":48,"column":26}},"26":{"start":{"line":50,"column":16},"end":{"line":50,"column":37}},"27":{"start":{"line":54,"column":0},"end":{"line":60,"column":2}}},"branchMap":{"1":{"line":21,"type":"if","locations":[{"start":{"line":21,"column":6},"end":{"line":21,"column":6}},{"start":{"line":21,"column":6},"end":{"line":21,"column":6}}]},"2":{"line":31,"type":"if","locations":[{"start":{"line":31,"column":6},"end":{"line":31,"column":6}},{"start":{"line":31,"column":6},"end":{"line":31,"column":6}}]},"3":{"line":47,"type":"if","locations":[{"start":{"line":47,"column":6},"end":{"line":47,"column":6}},{"start":{"line":47,"column":6},"end":{"line":47,"column":6}}]}}}}