{"/Users/charlesjewell/development/wdi-group-project/index.js":{"path":"/Users/charlesjewell/development/wdi-group-project/index.js","s":{"1":1,"2":1,"3":1,"4":1,"5":1,"6":1,"7":1,"8":1,"9":1,"10":1,"11":1,"12":1,"13":1,"14":1,"15":1,"16":1,"17":1,"18":1,"19":1,"20":1,"21":1,"22":1,"23":0,"24":0,"25":0,"26":1,"27":1,"28":1,"29":1,"30":1,"31":1},"b":{"1":[1,1],"2":[1,0],"3":[0,0]},"f":{"1":0},"fnMap":{"1":{"name":"jwtErrorHandler","line":34,"loc":{"start":{"line":34,"column":0},"end":{"line":34,"column":45}}}},"statementMap":{"1":{"start":{"line":1,"column":0},"end":{"line":1,"column":40}},"2":{"start":{"line":2,"column":0},"end":{"line":2,"column":41}},"3":{"start":{"line":3,"column":0},"end":{"line":3,"column":41}},"4":{"start":{"line":4,"column":0},"end":{"line":4,"column":44}},"5":{"start":{"line":5,"column":0},"end":{"line":5,"column":39}},"6":{"start":{"line":6,"column":0},"end":{"line":6,"column":44}},"7":{"start":{"line":7,"column":0},"end":{"line":7,"column":37}},"8":{"start":{"line":8,"column":0},"end":{"line":8,"column":46}},"9":{"start":{"line":9,"column":0},"end":{"line":9,"column":31}},"10":{"start":{"line":10,"column":0},"end":{"line":10,"column":43}},"11":{"start":{"line":11,"column":0},"end":{"line":11,"column":45}},"12":{"start":{"line":12,"column":0},"end":{"line":12,"column":48}},"13":{"start":{"line":16,"column":0},"end":{"line":16,"column":47}},"14":{"start":{"line":18,"column":0},"end":{"line":18,"column":30}},"15":{"start":{"line":20,"column":0},"end":{"line":20,"column":53}},"16":{"start":{"line":20,"column":37},"end":{"line":20,"column":53}},"17":{"start":{"line":21,"column":0},"end":{"line":21,"column":23}},"18":{"start":{"line":22,"column":0},"end":{"line":22,"column":27}},"19":{"start":{"line":23,"column":0},"end":{"line":23,"column":51}},"20":{"start":{"line":25,"column":0},"end":{"line":31,"column":6}},"21":{"start":{"line":32,"column":0},"end":{"line":32,"column":25}},"22":{"start":{"line":34,"column":0},"end":{"line":37,"column":1}},"23":{"start":{"line":35,"column":2},"end":{"line":35,"column":54}},"24":{"start":{"line":35,"column":40},"end":{"line":35,"column":54}},"25":{"start":{"line":36,"column":2},"end":{"line":36,"column":68}},"26":{"start":{"line":39,"column":0},"end":{"line":39,"column":24}},"27":{"start":{"line":40,"column":0},"end":{"line":40,"column":64}},"28":{"start":{"line":40,"column":28},"end":{"line":40,"column":62}},"29":{"start":{"line":43,"column":0},"end":{"line":43,"column":76}},"30":{"start":{"line":43,"column":23},"end":{"line":43,"column":74}},"31":{"start":{"line":45,"column":0},"end":{"line":45,"column":21}}},"branchMap":{"1":{"line":8,"type":"binary-expr","locations":[{"start":{"line":8,"column":21},"end":{"line":8,"column":37}},{"start":{"line":8,"column":41},"end":{"line":8,"column":45}}]},"2":{"line":20,"type":"if","locations":[{"start":{"line":20,"column":0},"end":{"line":20,"column":0}},{"start":{"line":20,"column":0},"end":{"line":20,"column":0}}]},"3":{"line":35,"type":"if","locations":[{"start":{"line":35,"column":2},"end":{"line":35,"column":2}},{"start":{"line":35,"column":2},"end":{"line":35,"column":2}}]}}},"/Users/charlesjewell/development/wdi-group-project/config/env.js":{"path":"/Users/charlesjewell/development/wdi-group-project/config/env.js","s":{"1":1},"b":{"1":[1,1]},"f":{},"fnMap":{},"statementMap":{"1":{"start":{"line":1,"column":0},"end":{"line":9,"column":2}}},"branchMap":{"1":{"line":8,"type":"binary-expr","locations":[{"start":{"line":8,"column":10},"end":{"line":8,"column":28}},{"start":{"line":8,"column":32},"end":{"line":8,"column":86}}]}}},"/Users/charlesjewell/development/wdi-group-project/config/routes.js":{"path":"/Users/charlesjewell/development/wdi-group-project/config/routes.js","s":{"1":1,"2":1,"3":1,"4":1,"5":1,"6":1,"7":1,"8":1,"9":1},"b":{},"f":{},"fnMap":{},"statementMap":{"1":{"start":{"line":1,"column":0},"end":{"line":1,"column":36}},"2":{"start":{"line":2,"column":0},"end":{"line":2,"column":34}},"3":{"start":{"line":4,"column":0},"end":{"line":4,"column":66}},"4":{"start":{"line":5,"column":0},"end":{"line":5,"column":56}},"5":{"start":{"line":7,"column":0},"end":{"line":8,"column":34}},"6":{"start":{"line":9,"column":0},"end":{"line":10,"column":31}},"7":{"start":{"line":12,"column":0},"end":{"line":13,"column":20}},"8":{"start":{"line":14,"column":0},"end":{"line":17,"column":24}},"9":{"start":{"line":19,"column":0},"end":{"line":19,"column":24}}},"branchMap":{}},"/Users/charlesjewell/development/wdi-group-project/controllers/authentications.js":{"path":"/Users/charlesjewell/development/wdi-group-project/controllers/authentications.js","s":{"1":1,"2":1,"3":1,"4":1,"5":10,"6":10,"7":4,"8":6,"9":6,"10":1,"11":8,"12":8,"13":0,"14":8,"15":2,"16":6,"17":6,"18":1},"b":{"1":[4,6],"2":[0,8],"3":[2,6],"4":[8,7]},"f":{"1":10,"2":8},"fnMap":{"1":{"name":"authenticationsRegister","line":5,"loc":{"start":{"line":5,"column":0},"end":{"line":5,"column":43}}},"2":{"name":"authenticationsLogin","line":20,"loc":{"start":{"line":20,"column":0},"end":{"line":20,"column":40}}}},"statementMap":{"1":{"start":{"line":1,"column":0},"end":{"line":1,"column":41}},"2":{"start":{"line":2,"column":0},"end":{"line":2,"column":39}},"3":{"start":{"line":3,"column":0},"end":{"line":3,"column":40}},"4":{"start":{"line":5,"column":0},"end":{"line":18,"column":1}},"5":{"start":{"line":6,"column":2},"end":{"line":17,"column":7}},"6":{"start":{"line":8,"column":6},"end":{"line":8,"column":60}},"7":{"start":{"line":8,"column":15},"end":{"line":8,"column":60}},"8":{"start":{"line":10,"column":6},"end":{"line":10,"column":76}},"9":{"start":{"line":12,"column":6},"end":{"line":16,"column":9}},"10":{"start":{"line":20,"column":0},"end":{"line":36,"column":1}},"11":{"start":{"line":21,"column":2},"end":{"line":35,"column":7}},"12":{"start":{"line":23,"column":6},"end":{"line":23,"column":81}},"13":{"start":{"line":23,"column":15},"end":{"line":23,"column":81}},"14":{"start":{"line":24,"column":6},"end":{"line":26,"column":7}},"15":{"start":{"line":25,"column":8},"end":{"line":25,"column":66}},"16":{"start":{"line":28,"column":6},"end":{"line":28,"column":76}},"17":{"start":{"line":30,"column":6},"end":{"line":34,"column":9}},"18":{"start":{"line":38,"column":0},"end":{"line":41,"column":2}}},"branchMap":{"1":{"line":8,"type":"if","locations":[{"start":{"line":8,"column":6},"end":{"line":8,"column":6}},{"start":{"line":8,"column":6},"end":{"line":8,"column":6}}]},"2":{"line":23,"type":"if","locations":[{"start":{"line":23,"column":6},"end":{"line":23,"column":6}},{"start":{"line":23,"column":6},"end":{"line":23,"column":6}}]},"3":{"line":24,"type":"if","locations":[{"start":{"line":24,"column":6},"end":{"line":24,"column":6}},{"start":{"line":24,"column":6},"end":{"line":24,"column":6}}]},"4":{"line":24,"type":"binary-expr","locations":[{"start":{"line":24,"column":10},"end":{"line":24,"column":15}},{"start":{"line":24,"column":19},"end":{"line":24,"column":60}}]}}},"/Users/charlesjewell/development/wdi-group-project/models/user.js":{"path":"/Users/charlesjewell/development/wdi-group-project/models/user.js","s":{"1":1,"2":1,"3":1,"4":1,"5":1,"6":1,"7":1,"8":1,"9":1,"10":1,"11":12,"12":12,"13":12,"14":1,"15":1,"16":28,"17":28,"18":1,"19":28,"20":1,"21":28,"22":28,"23":0,"24":28,"25":0,"26":28,"27":2,"28":1,"29":28,"30":0,"31":1,"32":7},"b":{"1":[28,0],"2":[0,28],"3":[0,28],"4":[2,26],"5":[0,28]},"f":{"1":12,"2":28,"3":28,"4":28,"5":28,"6":7},"fnMap":{"1":{"name":"(anonymous_1)","line":30,"loc":{"start":{"line":30,"column":13},"end":{"line":30,"column":32}}},"2":{"name":"setPassword","line":40,"loc":{"start":{"line":40,"column":0},"end":{"line":40,"column":28}}},"3":{"name":"setPasswordConfirmation","line":45,"loc":{"start":{"line":45,"column":0},"end":{"line":45,"column":55}}},"4":{"name":"validatePasswordHash","line":49,"loc":{"start":{"line":49,"column":0},"end":{"line":49,"column":32}}},"5":{"name":"validateEmail","line":65,"loc":{"start":{"line":65,"column":0},"end":{"line":65,"column":30}}},"6":{"name":"validatePassword","line":71,"loc":{"start":{"line":71,"column":0},"end":{"line":71,"column":36}}}},"statementMap":{"1":{"start":{"line":1,"column":0},"end":{"line":1,"column":38}},"2":{"start":{"line":2,"column":0},"end":{"line":2,"column":36}},"3":{"start":{"line":3,"column":0},"end":{"line":3,"column":39}},"4":{"start":{"line":5,"column":0},"end":{"line":9,"column":3}},"5":{"start":{"line":11,"column":0},"end":{"line":13,"column":20}},"6":{"start":{"line":15,"column":0},"end":{"line":17,"column":32}},"7":{"start":{"line":19,"column":0},"end":{"line":21,"column":34}},"8":{"start":{"line":23,"column":0},"end":{"line":25,"column":27}},"9":{"start":{"line":27,"column":0},"end":{"line":27,"column":55}},"10":{"start":{"line":29,"column":0},"end":{"line":36,"column":3}},"11":{"start":{"line":31,"column":4},"end":{"line":31,"column":28}},"12":{"start":{"line":33,"column":4},"end":{"line":33,"column":19}},"13":{"start":{"line":34,"column":4},"end":{"line":34,"column":15}},"14":{"start":{"line":38,"column":0},"end":{"line":38,"column":52}},"15":{"start":{"line":40,"column":0},"end":{"line":43,"column":1}},"16":{"start":{"line":41,"column":2},"end":{"line":41,"column":28}},"17":{"start":{"line":42,"column":2},"end":{"line":42,"column":68}},"18":{"start":{"line":45,"column":0},"end":{"line":47,"column":1}},"19":{"start":{"line":46,"column":2},"end":{"line":46,"column":52}},"20":{"start":{"line":49,"column":0},"end":{"line":63,"column":1}},"21":{"start":{"line":50,"column":2},"end":{"line":62,"column":3}},"22":{"start":{"line":51,"column":4},"end":{"line":53,"column":5}},"23":{"start":{"line":52,"column":6},"end":{"line":52,"column":68}},"24":{"start":{"line":55,"column":4},"end":{"line":57,"column":5}},"25":{"start":{"line":56,"column":6},"end":{"line":56,"column":68}},"26":{"start":{"line":59,"column":4},"end":{"line":61,"column":5}},"27":{"start":{"line":60,"column":6},"end":{"line":60,"column":80}},"28":{"start":{"line":65,"column":0},"end":{"line":69,"column":1}},"29":{"start":{"line":66,"column":2},"end":{"line":68,"column":3}},"30":{"start":{"line":67,"column":4},"end":{"line":67,"column":69}},"31":{"start":{"line":71,"column":0},"end":{"line":73,"column":1}},"32":{"start":{"line":72,"column":2},"end":{"line":72,"column":57}}},"branchMap":{"1":{"line":50,"type":"if","locations":[{"start":{"line":50,"column":2},"end":{"line":50,"column":2}},{"start":{"line":50,"column":2},"end":{"line":50,"column":2}}]},"2":{"line":51,"type":"if","locations":[{"start":{"line":51,"column":4},"end":{"line":51,"column":4}},{"start":{"line":51,"column":4},"end":{"line":51,"column":4}}]},"3":{"line":55,"type":"if","locations":[{"start":{"line":55,"column":4},"end":{"line":55,"column":4}},{"start":{"line":55,"column":4},"end":{"line":55,"column":4}}]},"4":{"line":59,"type":"if","locations":[{"start":{"line":59,"column":4},"end":{"line":59,"column":4}},{"start":{"line":59,"column":4},"end":{"line":59,"column":4}}]},"5":{"line":66,"type":"if","locations":[{"start":{"line":66,"column":2},"end":{"line":66,"column":2}},{"start":{"line":66,"column":2},"end":{"line":66,"column":2}}]}}},"/Users/charlesjewell/development/wdi-group-project/controllers/users.js":{"path":"/Users/charlesjewell/development/wdi-group-project/controllers/users.js","s":{"1":1,"2":1,"3":0,"4":0,"5":0,"6":0,"7":1,"8":0,"9":0,"10":0,"11":0,"12":0,"13":0,"14":1,"15":0,"16":0,"17":0,"18":0,"19":0,"20":0,"21":1,"22":0,"23":0,"24":0,"25":0,"26":0,"27":0,"28":1},"b":{"1":[0,0],"2":[0,0],"3":[0,0],"4":[0,0],"5":[0,0],"6":[0,0],"7":[0,0]},"f":{"1":0,"2":0,"3":0,"4":0},"fnMap":{"1":{"name":"usersIndex","line":3,"loc":{"start":{"line":3,"column":0},"end":{"line":3,"column":30}}},"2":{"name":"usersShow","line":11,"loc":{"start":{"line":11,"column":0},"end":{"line":11,"column":29}}},"3":{"name":"usersUpdate","line":20,"loc":{"start":{"line":20,"column":0},"end":{"line":20,"column":31}}},"4":{"name":"usersDelete","line":29,"loc":{"start":{"line":29,"column":0},"end":{"line":29,"column":31}}}},"statementMap":{"1":{"start":{"line":1,"column":0},"end":{"line":1,"column":39}},"2":{"start":{"line":3,"column":0},"end":{"line":9,"column":1}},"3":{"start":{"line":4,"column":2},"end":{"line":8,"column":7}},"4":{"start":{"line":6,"column":6},"end":{"line":6,"column":81}},"5":{"start":{"line":6,"column":15},"end":{"line":6,"column":81}},"6":{"start":{"line":7,"column":6},"end":{"line":7,"column":45}},"7":{"start":{"line":11,"column":0},"end":{"line":18,"column":1}},"8":{"start":{"line":12,"column":2},"end":{"line":17,"column":7}},"9":{"start":{"line":14,"column":6},"end":{"line":14,"column":81}},"10":{"start":{"line":14,"column":15},"end":{"line":14,"column":81}},"11":{"start":{"line":15,"column":6},"end":{"line":15,"column":77}},"12":{"start":{"line":15,"column":17},"end":{"line":15,"column":77}},"13":{"start":{"line":16,"column":6},"end":{"line":16,"column":44}},"14":{"start":{"line":20,"column":0},"end":{"line":27,"column":1}},"15":{"start":{"line":21,"column":2},"end":{"line":26,"column":7}},"16":{"start":{"line":23,"column":6},"end":{"line":23,"column":81}},"17":{"start":{"line":23,"column":15},"end":{"line":23,"column":81}},"18":{"start":{"line":24,"column":6},"end":{"line":24,"column":77}},"19":{"start":{"line":24,"column":17},"end":{"line":24,"column":77}},"20":{"start":{"line":25,"column":6},"end":{"line":25,"column":44}},"21":{"start":{"line":29,"column":0},"end":{"line":36,"column":1}},"22":{"start":{"line":30,"column":2},"end":{"line":35,"column":7}},"23":{"start":{"line":32,"column":6},"end":{"line":32,"column":81}},"24":{"start":{"line":32,"column":15},"end":{"line":32,"column":81}},"25":{"start":{"line":33,"column":6},"end":{"line":33,"column":77}},"26":{"start":{"line":33,"column":17},"end":{"line":33,"column":77}},"27":{"start":{"line":34,"column":6},"end":{"line":34,"column":36}},"28":{"start":{"line":38,"column":0},"end":{"line":43,"column":2}}},"branchMap":{"1":{"line":6,"type":"if","locations":[{"start":{"line":6,"column":6},"end":{"line":6,"column":6}},{"start":{"line":6,"column":6},"end":{"line":6,"column":6}}]},"2":{"line":14,"type":"if","locations":[{"start":{"line":14,"column":6},"end":{"line":14,"column":6}},{"start":{"line":14,"column":6},"end":{"line":14,"column":6}}]},"3":{"line":15,"type":"if","locations":[{"start":{"line":15,"column":6},"end":{"line":15,"column":6}},{"start":{"line":15,"column":6},"end":{"line":15,"column":6}}]},"4":{"line":23,"type":"if","locations":[{"start":{"line":23,"column":6},"end":{"line":23,"column":6}},{"start":{"line":23,"column":6},"end":{"line":23,"column":6}}]},"5":{"line":24,"type":"if","locations":[{"start":{"line":24,"column":6},"end":{"line":24,"column":6}},{"start":{"line":24,"column":6},"end":{"line":24,"column":6}}]},"6":{"line":32,"type":"if","locations":[{"start":{"line":32,"column":6},"end":{"line":32,"column":6}},{"start":{"line":32,"column":6},"end":{"line":32,"column":6}}]},"7":{"line":33,"type":"if","locations":[{"start":{"line":33,"column":6},"end":{"line":33,"column":6}},{"start":{"line":33,"column":6},"end":{"line":33,"column":6}}]}}}}