TN:
SF:/Users/Marisa/development/wdi-group-project/index.js
FN:34,jwtErrorHandler
FNF:1
FNH:0
FNDA:0,jwtErrorHandler
DA:1,1
DA:2,1
DA:3,1
DA:4,1
DA:5,1
DA:6,1
DA:7,1
DA:8,1
DA:9,1
DA:10,1
DA:11,1
DA:12,1
DA:16,1
DA:18,1
DA:20,1
DA:21,1
DA:22,1
DA:23,1
DA:25,1
DA:32,1
DA:34,1
DA:35,0
DA:36,0
DA:39,1
DA:40,1
DA:43,1
DA:45,1
LF:27
LH:25
BRDA:8,1,0,1
BRDA:8,1,1,1
BRDA:20,2,0,1
BRDA:20,2,1,0
BRDA:35,3,0,0
BRDA:35,3,1,0
BRF:6
BRH:3
end_of_record
TN:
SF:/Users/Marisa/development/wdi-group-project/config/env.js
FNF:0
FNH:0
DA:1,1
LF:1
LH:1
BRDA:8,1,0,1
BRDA:8,1,1,1
BRF:2
BRH:2
end_of_record
TN:
SF:/Users/Marisa/development/wdi-group-project/config/routes.js
FNF:0
FNH:0
DA:1,1
DA:2,1
DA:4,1
DA:5,1
DA:6,1
DA:9,1
DA:11,1
DA:14,1
DA:16,1
DA:21,1
DA:23,1
DA:28,1
LF:12
LH:12
BRF:0
BRH:0
end_of_record
TN:
SF:/Users/Marisa/development/wdi-group-project/controllers/authentications.js
FN:5,authenticationsRegister
FN:20,authenticationsLogin
FNF:2
FNH:2
FNDA:13,authenticationsRegister
FNDA:18,authenticationsLogin
DA:1,1
DA:2,1
DA:3,1
DA:5,1
DA:6,13
DA:8,13
DA:10,8
DA:12,8
DA:20,1
DA:21,18
DA:23,18
DA:24,18
DA:25,2
DA:28,16
DA:30,16
DA:38,1
LF:16
LH:16
BRDA:8,1,0,5
BRDA:8,1,1,8
BRDA:23,2,0,0
BRDA:23,2,1,18
BRDA:24,3,0,2
BRDA:24,3,1,16
BRDA:24,4,0,18
BRDA:24,4,1,17
BRF:8
BRH:7
end_of_record
TN:
SF:/Users/Marisa/development/wdi-group-project/models/user.js
FN:41,(anonymous_1)
FN:51,setPassword
FN:56,setPasswordConfirmation
FN:60,validatePasswordHash
FN:76,validateEmail
FN:82,validatePassword
FNF:6
FNH:6
FNDA:31,(anonymous_1)
FNDA:44,setPassword
FNDA:44,setPasswordConfirmation
FNDA:44,validatePasswordHash
FNDA:44,validateEmail
FNDA:17,validatePassword
DA:1,1
DA:2,1
DA:3,1
DA:5,1
DA:15,1
DA:22,1
DA:26,1
DA:30,1
DA:34,1
DA:38,1
DA:40,1
DA:42,31
DA:44,31
DA:45,31
DA:49,1
DA:51,1
DA:52,44
DA:53,44
DA:56,1
DA:57,44
DA:60,1
DA:61,44
DA:62,44
DA:63,0
DA:66,44
DA:67,1
DA:70,44
DA:71,2
DA:76,1
DA:77,44
DA:78,0
DA:82,1
DA:83,17
LF:33
LH:31
BRDA:61,1,0,44
BRDA:61,1,1,0
BRDA:62,2,0,0
BRDA:62,2,1,44
BRDA:66,3,0,1
BRDA:66,3,1,43
BRDA:70,4,0,2
BRDA:70,4,1,42
BRDA:77,5,0,0
BRDA:77,5,1,44
BRF:10
BRH:7
end_of_record
TN:
SF:/Users/Marisa/development/wdi-group-project/controllers/users.js
FN:3,usersIndex
FN:11,usersShow
FN:20,usersUpdate
FN:29,usersDelete
FNF:4
FNH:2
FNDA:3,usersIndex
FNDA:5,usersShow
FNDA:0,usersUpdate
FNDA:0,usersDelete
DA:1,1
DA:3,1
DA:4,3
DA:6,3
DA:7,3
DA:11,1
DA:12,5
DA:14,5
DA:15,5
DA:16,4
DA:20,1
DA:21,0
DA:23,0
DA:24,0
DA:25,0
DA:29,1
DA:30,0
DA:32,0
DA:33,0
DA:34,0
DA:38,1
LF:21
LH:13
BRDA:6,1,0,0
BRDA:6,1,1,3
BRDA:14,2,0,0
BRDA:14,2,1,5
BRDA:15,3,0,1
BRDA:15,3,1,4
BRDA:23,4,0,0
BRDA:23,4,1,0
BRDA:24,5,0,0
BRDA:24,5,1,0
BRDA:32,6,0,0
BRDA:32,6,1,0
BRDA:33,7,0,0
BRDA:33,7,1,0
BRF:14
BRH:4
end_of_record
TN:
SF:/Users/Marisa/development/wdi-group-project/controllers/dogs.js
FN:3,indexRoute
FN:10,createRoute
FN:17,showRoute
FN:27,updateRoute
FN:43,deleteRoute
FNF:5
FNH:0
FNDA:0,indexRoute
FNDA:0,createRoute
FNDA:0,showRoute
FNDA:0,updateRoute
FNDA:0,deleteRoute
DA:1,1
DA:3,1
DA:4,0
DA:6,0
DA:10,1
DA:11,0
DA:13,0
DA:17,1
DA:18,0
DA:21,0
DA:22,0
DA:27,1
DA:28,0
DA:31,0
DA:33,0
DA:34,0
DA:37,0
DA:39,0
DA:43,1
DA:44,0
DA:47,0
DA:48,0
DA:50,0
DA:54,1
LF:24
LH:7
BRDA:21,1,0,0
BRDA:21,1,1,0
BRDA:31,2,0,0
BRDA:31,2,1,0
BRDA:47,3,0,0
BRDA:47,3,1,0
BRF:6
BRH:0
end_of_record
