TN:
SF:/Users/niox/development/wdi-group-project/index.js
FN:34,jwtErrorHandler
FNF:1
FNH:0
FNDA:0,jwtErrorHandler
DA:1,1
DA:2,1
DA:3,1
DA:4,1
DA:5,1
DA:6,1
DA:7,1
DA:8,1
DA:9,1
DA:10,1
DA:11,1
DA:12,1
DA:16,1
DA:18,1
DA:20,1
DA:21,1
DA:22,1
DA:23,1
DA:25,1
DA:32,1
DA:34,1
DA:35,0
DA:36,0
DA:39,1
DA:40,1
DA:43,1
DA:45,1
LF:27
LH:25
BRDA:8,1,0,1
BRDA:8,1,1,1
BRDA:20,2,0,1
BRDA:20,2,1,0
BRDA:35,3,0,0
BRDA:35,3,1,0
BRF:6
BRH:3
end_of_record
TN:
SF:/Users/niox/development/wdi-group-project/config/env.js
FNF:0
FNH:0
DA:1,1
LF:1
LH:1
BRDA:8,1,0,1
BRDA:8,1,1,1
BRF:2
BRH:2
end_of_record
TN:
SF:/Users/niox/development/wdi-group-project/config/routes.js
FNF:0
FNH:0
DA:1,1
DA:2,1
DA:4,1
DA:5,1
DA:6,1
DA:9,1
DA:11,1
DA:14,1
DA:16,1
DA:21,1
DA:23,1
DA:28,1
LF:12
LH:12
BRF:0
BRH:0
end_of_record
TN:
SF:/Users/niox/development/wdi-group-project/controllers/authentications.js
FN:5,authenticationsRegister
FN:20,authenticationsLogin
FNF:2
FNH:2
FNDA:10,authenticationsRegister
FNDA:8,authenticationsLogin
DA:1,1
DA:2,1
DA:3,1
DA:5,1
DA:6,10
DA:8,10
DA:10,6
DA:12,6
DA:20,1
DA:21,8
DA:23,8
DA:24,8
DA:25,2
DA:28,6
DA:30,6
DA:38,1
LF:16
LH:16
BRDA:8,1,0,4
BRDA:8,1,1,6
BRDA:23,2,0,0
BRDA:23,2,1,8
BRDA:24,3,0,2
BRDA:24,3,1,6
BRDA:24,4,0,8
BRDA:24,4,1,7
BRF:8
BRH:7
end_of_record
TN:
SF:/Users/niox/development/wdi-group-project/models/user.js
FN:30,(anonymous_1)
FN:40,setPassword
FN:45,setPasswordConfirmation
FN:49,validatePasswordHash
FN:65,validateEmail
FN:71,validatePassword
FNF:6
FNH:6
FNDA:12,(anonymous_1)
FNDA:28,setPassword
FNDA:28,setPasswordConfirmation
FNDA:28,validatePasswordHash
FNDA:28,validateEmail
FNDA:7,validatePassword
DA:1,1
DA:2,1
DA:3,1
DA:5,1
DA:11,1
DA:15,1
DA:19,1
DA:23,1
DA:27,1
DA:29,1
DA:31,12
DA:33,12
DA:34,12
DA:38,1
DA:40,1
DA:41,28
DA:42,28
DA:45,1
DA:46,28
DA:49,1
DA:50,28
DA:51,28
DA:52,0
DA:55,28
DA:56,0
DA:59,28
DA:60,2
DA:65,1
DA:66,28
DA:67,0
DA:71,1
DA:72,7
LF:32
LH:29
BRDA:50,1,0,28
BRDA:50,1,1,0
BRDA:51,2,0,0
BRDA:51,2,1,28
BRDA:55,3,0,0
BRDA:55,3,1,28
BRDA:59,4,0,2
BRDA:59,4,1,26
BRDA:66,5,0,0
BRDA:66,5,1,28
BRF:10
BRH:6
end_of_record
TN:
SF:/Users/niox/development/wdi-group-project/controllers/users.js
FN:3,usersIndex
FN:11,usersShow
FN:20,usersUpdate
FN:29,usersDelete
FNF:4
FNH:0
FNDA:0,usersIndex
FNDA:0,usersShow
FNDA:0,usersUpdate
FNDA:0,usersDelete
DA:1,1
DA:3,1
DA:4,0
DA:6,0
DA:7,0
DA:11,1
DA:12,0
DA:14,0
DA:15,0
DA:16,0
DA:20,1
DA:21,0
DA:23,0
DA:24,0
DA:25,0
DA:29,1
DA:30,0
DA:32,0
DA:33,0
DA:34,0
DA:38,1
LF:21
LH:6
BRDA:6,1,0,0
BRDA:6,1,1,0
BRDA:14,2,0,0
BRDA:14,2,1,0
BRDA:15,3,0,0
BRDA:15,3,1,0
BRDA:23,4,0,0
BRDA:23,4,1,0
BRDA:24,5,0,0
BRDA:24,5,1,0
BRDA:32,6,0,0
BRDA:32,6,1,0
BRDA:33,7,0,0
BRDA:33,7,1,0
BRF:14
BRH:0
end_of_record
TN:
SF:/Users/niox/development/wdi-group-project/controllers/dogs.js
FN:3,indexRoute
FN:10,createRoute
FN:17,showRoute
FN:27,updateRoute
FN:43,deleteRoute
FNF:5
FNH:0
FNDA:0,indexRoute
FNDA:0,createRoute
FNDA:0,showRoute
FNDA:0,updateRoute
FNDA:0,deleteRoute
DA:1,1
DA:3,1
DA:4,0
DA:6,0
DA:10,1
DA:11,0
DA:13,0
DA:17,1
DA:18,0
DA:21,0
DA:22,0
DA:27,1
DA:28,0
DA:31,0
DA:33,0
DA:34,0
DA:37,0
DA:39,0
DA:43,1
DA:44,0
DA:47,0
DA:48,0
DA:50,0
DA:54,1
LF:24
LH:7
BRDA:21,1,0,0
BRDA:21,1,1,0
BRDA:31,2,0,0
BRDA:31,2,1,0
BRDA:47,3,0,0
BRDA:47,3,1,0
BRF:6
BRH:0
end_of_record
TN:
SF:/Users/niox/development/wdi-group-project/models/dog.js
FNF:0
FNH:0
DA:1,1
DA:4,1
DA:13,1
LF:3
LH:3
BRF:0
BRH:0
end_of_record
